om_assemble version 2.5.15 compiled at May  6 2025 17:11:06 using OpenMP
 Executing using 12 threads.


| ------ om_assemble
| -HM
| bem_model/sphere_head.geom
| bem_model/sphere_head.cond
| tmp/tmp.hm
| -----------------------
Local orientation problem...

Reorienting...

Local orientation problem...

Reorienting...

Local orientation problem...

Reorienting...

Global reorientation of interface Brain
Global reorientation of interface Skull
Global reorientation of interface Scalp
check_geometry_is_nested() complete, nested=1, m_oriented=4294967294
check_geometry_is_nested() complete, nested=1, m_oriented=4294967294
check_geometry_is_nested() complete, nested=1, m_oriented=4294967294
Assembling Head Matrix
Assembling Brain x Brain (self) setting blocks
OPERATOR S ... (arg : mesh Brain , mesh Brain )
OPERATOR N ... (arg : mesh Brain , mesh Brain )
OPERATOR D ... (arg : mesh Brain , mesh Brain )
Assembling Skull x Brain setting blocks
OPERATOR S ... (arg : mesh Skull , mesh Brain )
OPERATOR N ... (arg : mesh Skull , mesh Brain )
OPERATOR D ... (arg : mesh Skull , mesh Brain )
OPERATOR D*... (arg : mesh Skull , mesh Brain )
Assembling Skull x Skull (self) setting blocks
OPERATOR S ... (arg : mesh Skull , mesh Skull )
OPERATOR N ... (arg : mesh Skull , mesh Skull )
OPERATOR D ... (arg : mesh Skull , mesh Skull )
Assembling Scalp x Skull setting blocks
OPERATOR S ... (arg : mesh Scalp , mesh Skull )
OPERATOR N ... (arg : mesh Scalp , mesh Skull )
OPERATOR D*... (arg : mesh Scalp , mesh Skull )
Assembling Scalp x Scalp (self) setting blocks
OPERATOR S ... (arg : mesh Scalp , mesh Scalp )
OPERATOR N ... (arg : mesh Scalp , mesh Scalp )
Deflating current barriers
done
-------------------------------------------
| Elapsed Time: 0.166467 s.
-------------------------------------------
om_minverser version 2.5.15 compiled at May  6 2025 17:11:04 using OpenMP
 Executing using 12 threads.


| ------ om_minverser
| tmp/tmp.hm
| tmp/tmp.hm_inv
| -----------------------
-------------------------------------------
| Elapsed Time: 0.105949 s.
-------------------------------------------
om_assemble version 2.5.15 compiled at May  6 2025 17:11:06 using OpenMP
 Executing using 12 threads.


| ------ om_assemble
| -DSM
| bem_model/sphere_head.geom
| bem_model/sphere_head.cond
| bem_model/dipole_locations.txt
| tmp/tmp.dsm
| -----------------------
Local orientation problem...

Reorienting...

Local orientation problem...

Reorienting...

Local orientation problem...

Reorienting...

Global reorientation of interface Brain
Global reorientation of interface Skull
Global reorientation of interface Scalp
check_geometry_is_nested() complete, nested=1, m_oriented=4294967294
check_geometry_is_nested() complete, nested=1, m_oriented=4294967294
check_geometry_is_nested() complete, nested=1, m_oriented=4294967294
Interface::contains_point(93.6798 80 0) Error. Are you sure the interface "Brain" is closed? Solid angle: 5.19049e-17*PI.
Interface::contains_point(93.6798 80 0) Error. Are you sure the interface "Skull" is closed? Solid angle: 6.29485e-17*PI.
Interface::contains_point(93.6798 80 0) Error. Are you sure the interface "Scalp" is closed? Solid angle: 1.76697e-17*PI.
Interface::contains_point(93.6798 80 0) Error. Are you sure the interface "Scalp" is closed? Solid angle: 1.76697e-17*PI.
Interface::contains_point(61.3987 80 6.57657) Error. Are you sure the interface "Brain" is closed? Solid angle: 1.43015e-16*PI.
Interface::contains_point(61.3987 80 6.57657) Error. Are you sure the interface "Skull" is closed? Solid angle: 9.63553e-17*PI.
Interface::contains_point(61.3987 80 6.57657) Error. Are you sure the interface "Scalp" is closed? Solid angle: 3.50358e-16*PI.
Interface::contains_point(61.3987 80 6.57657) Error. Are you sure the interface "Scalp" is closed? Solid angle: 3.50358e-16*PI.
Interface::contains_point(80 97.4355 15.5948) Error. Are you sure the interface "Brain" is closed? Solid angle: 6.62616e-17*PI.
Interface::contains_point(80 97.4355 15.5948) Error. Are you sure the interface "Skull" is closed? Solid angle: 9.2214e-17*PI.
Interface::contains_point(80 97.4355 15.5948) Error. Are you sure the interface "Scalp" is closed? Solid angle: 1.35284e-17*PI.
Interface::contains_point(80 97.4355 15.5948) Error. Are you sure the interface "Scalp" is closed? Solid angle: 1.35284e-17*PI.
Interface::contains_point(80 53.9935 2.90761) Error. Are you sure the interface "Brain" is closed? Solid angle: 2.89894e-17*PI.
Interface::contains_point(80 53.9935 2.90761) Error. Are you sure the interface "Skull" is closed? Solid angle: 1.88293e-16*PI.
Interface::contains_point(80 53.9935 2.90761) Error. Are you sure the interface "Scalp" is closed? Solid angle: 6.05741e-16*PI.
Interface::contains_point(80 53.9935 2.90761) Error. Are you sure the interface "Scalp" is closed? Solid angle: 6.05741e-16*PI.
Interface::contains_point(98.0244 98.0244 12.6467) Error. Are you sure the interface "Brain" is closed? Solid angle: 4.36222e-17*PI.
Interface::contains_point(98.0244 98.0244 12.6467) Error. Are you sure the interface "Skull" is closed? Solid angle: 8.43454e-17*PI.
Interface::contains_point(98.0244 98.0244 12.6467) Error. Are you sure the interface "Scalp" is closed? Solid angle: 3.3683e-17*PI.
Interface::contains_point(98.0244 98.0244 12.6467) Error. Are you sure the interface "Scalp" is closed? Solid angle: 3.3683e-17*PI.
Interface::contains_point(66.4784 66.4784 23.6628) Error. Are you sure the interface "Brain" is closed? Solid angle: 1.836e-16*PI.
Interface::contains_point(66.4784 66.4784 23.6628) Error. Are you sure the interface "Skull" is closed? Solid angle: 2.92655e-17*PI.
Interface::contains_point(66.4784 66.4784 23.6628) Error. Are you sure the interface "Scalp" is closed? Solid angle: 3.15847e-16*PI.
Interface::contains_point(66.4784 66.4784 23.6628) Error. Are you sure the interface "Scalp" is closed? Solid angle: 3.15847e-16*PI.
Interface::contains_point(57.824 102.176 7.14796) Error. Are you sure the interface "Brain" is closed? Solid angle: 5.60462e-17*PI.
Interface::contains_point(57.824 102.176 7.14796) Error. Are you sure the interface "Skull" is closed? Solid angle: 1.80287e-16*PI.
Interface::contains_point(57.824 102.176 7.14796) Error. Are you sure the interface "Scalp" is closed? Solid angle: 8.50357e-17*PI.
Interface::contains_point(57.824 102.176 7.14796) Error. Are you sure the interface "Scalp" is closed? Solid angle: 8.50357e-17*PI.
Interface::contains_point(99.8357 60.1643 18.7429) Error. Are you sure the interface "Brain" is closed? Solid angle: 1.90502e-17*PI.
Interface::contains_point(99.8357 60.1643 18.7429) Error. Are you sure the interface "Skull" is closed? Solid angle: 8.25509e-17*PI.
Interface::contains_point(99.8357 60.1643 18.7429) Error. Are you sure the interface "Scalp" is closed? Solid angle: 5.63223e-17*PI.
Interface::contains_point(99.8357 60.1643 18.7429) Error. Are you sure the interface "Scalp" is closed? Solid angle: 5.63223e-17*PI.
Interface::contains_point(94.8877 86.1667 31.2663) Error. Are you sure the interface "Brain" is closed? Solid angle: 7.45443e-18*PI.
Interface::contains_point(94.8877 86.1667 31.2663) Error. Are you sure the interface "Skull" is closed? Solid angle: 1.12369e-16*PI.
Interface::contains_point(94.8877 86.1667 31.2663) Error. Are you sure the interface "Scalp" is closed? Solid angle: 8.08943e-17*PI.
Interface::contains_point(94.8877 86.1667 31.2663) Error. Are you sure the interface "Scalp" is closed? Solid angle: 8.08943e-17*PI.
Interface::contains_point(46.2986 66.0404 1.35197) Error. Are you sure the interface "Brain" is closed? Solid angle: 2.93207e-16*PI.
Interface::contains_point(46.2986 66.0404 1.35197) Error. Are you sure the interface "Brain" is closed? Solid angle: 2.93207e-16*PI.
Interface::contains_point(66.5841 112.389 13.9784) Error. Are you sure the interface "Brain" is closed? Solid angle: 6.08778e-17*PI.
Interface::contains_point(66.5841 112.389 13.9784) Error. Are you sure the interface "Skull" is closed? Solid angle: 7.75812e-17*PI.
Interface::contains_point(66.5841 112.389 13.9784) Error. Are you sure the interface "Scalp" is closed? Solid angle: 8.97292e-17*PI.
Interface::contains_point(66.5841 112.389 13.9784) Error. Are you sure the interface "Scalp" is closed? Solid angle: 8.97292e-17*PI.
Interface::contains_point(90.5776 54.4633 27.3766) Error. Are you sure the interface "Brain" is closed? Solid angle: 5.8531e-17*PI.
Interface::contains_point(90.5776 54.4633 27.3766) Error. Are you sure the interface "Skull" is closed? Solid angle: 2.36609e-16*PI.
Interface::contains_point(90.5776 54.4633 27.3766) Error. Are you sure the interface "Scalp" is closed? Solid angle: 1.68415e-17*PI.
Interface::contains_point(90.5776 54.4633 27.3766) Error. Are you sure the interface "Scalp" is closed? Solid angle: 1.68415e-17*PI.
Interface::contains_point(95.1384 116.547 5.92593) Error. Are you sure the interface "Brain" is closed? Solid angle: 8.53118e-17*PI.
Interface::contains_point(95.1384 116.547 5.92593) Error. Are you sure the interface "Skull" is closed? Solid angle: 1.68415e-17*PI.
Interface::contains_point(95.1384 116.547 5.92593) Error. Are you sure the interface "Scalp" is closed? Solid angle: 2.63666e-17*PI.
Interface::contains_point(95.1384 116.547 5.92593) Error. Are you sure the interface "Scalp" is closed? Solid angle: 2.63666e-17*PI.
Interface::contains_point(66.2352 46.7687 19.7597) Error. Are you sure the interface "Brain" is closed? Solid angle: 3.07012e-16*PI.
Interface::contains_point(66.2352 46.7687 19.7597) Error. Are you sure the interface "Brain" is closed? Solid angle: 3.07012e-16*PI.
Interface::contains_point(57.4897 89.3241 34.2456) Error. Are you sure the interface "Brain" is closed? Solid angle: 2.16454e-16*PI.
Interface::contains_point(57.4897 89.3241 34.2456) Error. Are you sure the interface "Skull" is closed? Solid angle: 2.09828e-17*PI.
Interface::contains_point(57.4897 89.3241 34.2456) Error. Are you sure the interface "Scalp" is closed? Solid angle: 5.77028e-17*PI.
Interface::contains_point(57.4897 89.3241 34.2456) Error. Are you sure the interface "Scalp" is closed? Solid angle: 5.77028e-17*PI.
Interface::contains_point(118.345 64.1171 11.1413) Error. Are you sure the interface "Brain" is closed? Solid angle: 3.21645e-17*PI.
Interface::contains_point(118.345 64.1171 11.1413) Error. Are you sure the interface "Skull" is closed? Solid angle: 8.75205e-17*PI.
Interface::contains_point(118.345 64.1171 11.1413) Error. Are you sure the interface "Scalp" is closed? Solid angle: 4.03091e-17*PI.
Interface::contains_point(118.345 64.1171 11.1413) Error. Are you sure the interface "Scalp" is closed? Solid angle: 4.03091e-17*PI.
Interface::contains_point(114.665 86.8953 26.002) Error. Are you sure the interface "Brain" is closed? Solid angle: 1.72556e-17*PI.
Interface::contains_point(114.665 86.8953 26.002) Error. Are you sure the interface "Skull" is closed? Solid angle: 8.47596e-17*PI.
Interface::contains_point(114.665 86.8953 26.002) Error. Are you sure the interface "Scalp" is closed? Solid angle: 6.21202e-18*PI.
Interface::contains_point(114.665 86.8953 26.002) Error. Are you sure the interface "Scalp" is closed? Solid angle: 6.21202e-18*PI.
Interface::contains_point(63.4234 76.7027 41.4329) Error. Are you sure the interface "Brain" is closed? Solid angle: 2.94588e-16*PI.
Interface::contains_point(63.4234 76.7027 41.4329) Error. Are you sure the interface "Skull" is closed? Solid angle: 2.50137e-16*PI.
Interface::contains_point(63.4234 76.7027 41.4329) Error. Are you sure the interface "Scalp" is closed? Solid angle: 2.15626e-16*PI.
Interface::contains_point(63.4234 76.7027 41.4329) Error. Are you sure the interface "Scalp" is closed? Solid angle: 2.15626e-16*PI.
Interface::contains_point(71.1314 124.585 3.3766) Error. Are you sure the interface "Brain" is closed? Solid angle: 1.33904e-17*PI.
Interface::contains_point(71.1314 124.585 3.3766) Error. Are you sure the interface "Skull" is closed? Solid angle: 9.00053e-17*PI.
Interface::contains_point(71.1314 124.585 3.3766) Error. Are you sure the interface "Scalp" is closed? Solid angle: 7.6891e-17*PI.
Interface::contains_point(71.1314 124.585 3.3766) Error. Are you sure the interface "Scalp" is closed? Solid angle: 7.6891e-17*PI.
Interface::contains_point(88.2653 38.4475 18.9001) Error. Are you sure the interface "Brain" is closed? Solid angle: 1.71176e-17*PI.
Interface::contains_point(88.2653 38.4475 18.9001) Error. Are you sure the interface "Skull" is closed? Solid angle: 1.32799e-16*PI.
Interface::contains_point(88.2653 38.4475 18.9001) Error. Are you sure the interface "Scalp" is closed? Solid angle: 2.7609e-17*PI.
Interface::contains_point(88.2653 38.4475 18.9001) Error. Are you sure the interface "Scalp" is closed? Solid angle: 2.7609e-17*PI.
Interface::contains_point(97.6055 106.348 34.9414) Error. Are you sure the interface "Brain" is closed? Solid angle: 1.65654e-18*PI.
Interface::contains_point(97.6055 106.348 34.9414) Error. Are you sure the interface "Skull" is closed? Solid angle: 1.41772e-16*PI.
Interface::contains_point(97.6055 106.348 34.9414) Error. Are you sure the interface "Scalp" is closed? Solid angle: 7.84095e-17*PI.
Interface::contains_point(97.6055 106.348 34.9414) Error. Are you sure the interface "Scalp" is closed? Solid angle: 7.84095e-17*PI.
Interface::contains_point(45.4063 103.115 25.2299) Error. Are you sure the interface "Brain" is closed? Solid angle: 2.37437e-17*PI.
Interface::contains_point(45.4063 103.115 25.2299) Error. Are you sure the interface "Skull" is closed? Solid angle: 1.35836e-16*PI.
Interface::contains_point(45.4063 103.115 25.2299) Error. Are you sure the interface "Scalp" is closed? Solid angle: 2.36609e-16*PI.
Interface::contains_point(45.4063 103.115 25.2299) Error. Are you sure the interface "Scalp" is closed? Solid angle: 2.36609e-16*PI.
Interface::contains_point(101.5 65.634 42.0543) Error. Are you sure the interface "Brain" is closed? Solid angle: 5.10766e-18*PI.
Interface::contains_point(101.5 65.634 42.0543) Error. Are you sure the interface "Skull" is closed? Solid angle: 7.45443e-18*PI.
Interface::contains_point(101.5 65.634 42.0543) Error. Are you sure the interface "Scalp" is closed? Solid angle: 1.57923e-16*PI.
Interface::contains_point(101.5 65.634 42.0543) Error. Are you sure the interface "Scalp" is closed? Solid angle: 1.57923e-16*PI.
Interface::contains_point(119.753 106.562 14.8322) Error. Are you sure the interface "Brain" is closed? Solid angle: 1.93263e-17*PI.
Interface::contains_point(119.753 106.562 14.8322) Error. Are you sure the interface "Skull" is closed? Solid angle: 1.64273e-16*PI.
Interface::contains_point(119.753 106.562 14.8322) Error. Are you sure the interface "Scalp" is closed? Solid angle: 6.07398e-18*PI.
Interface::contains_point(119.753 106.562 14.8322) Error. Are you sure the interface "Scalp" is closed? Solid angle: 6.07398e-18*PI.
Interface::contains_point(47.2298 58.1037 31.9415) Error. Are you sure the interface "Brain" is closed? Solid angle: 3.58917e-17*PI.
Interface::contains_point(47.2298 58.1037 31.9415) Error. Are you sure the interface "Brain" is closed? Solid angle: 3.58917e-17*PI.
Interface::contains_point(72.3025 91.5202 49.4821) Error. Are you sure the interface "Brain" is closed? Solid angle: 4.6245e-17*PI.
Interface::contains_point(72.3025 91.5202 49.4821) Error. Are you sure the interface "Skull" is closed? Solid angle: 3.72721e-17*PI.
Interface::contains_point(72.3025 91.5202 49.4821) Error. Are you sure the interface "Scalp" is closed? Solid angle: 2.7609e-17*PI.
Interface::contains_point(72.3025 91.5202 49.4821) Error. Are you sure the interface "Scalp" is closed? Solid angle: 2.7609e-17*PI.
Interface::contains_point(108.901 36.7472 0.642267) Error. Are you sure the interface "Brain" is closed? Solid angle: 1.60132e-17*PI.
Interface::contains_point(108.901 36.7472 0.642267) Error. Are you sure the interface "Skull" is closed? Solid angle: 2.04306e-17*PI.
Interface::contains_point(108.901 36.7472 0.642267) Error. Are you sure the interface "Scalp" is closed? Solid angle: 1.29762e-17*PI.
Interface::contains_point(108.901 36.7472 0.642267) Error. Are you sure the interface "Scalp" is closed? Solid angle: 1.29762e-17*PI.
Interface::contains_point(89.6377 128.452 18.1989) Error. Are you sure the interface "Brain" is closed? Solid angle: 8.66922e-17*PI.
Interface::contains_point(89.6377 128.452 18.1989) Error. Are you sure the interface "Skull" is closed? Solid angle: 8.44835e-17*PI.
Interface::contains_point(89.6377 128.452 18.1989) Error. Are you sure the interface "Scalp" is closed? Solid angle: 3.0784e-17*PI.
Interface::contains_point(89.6377 128.452 18.1989) Error. Are you sure the interface "Scalp" is closed? Solid angle: 3.0784e-17*PI.
Interface::contains_point(72.3727 41.655 36.1611) Error. Are you sure the interface "Brain" is closed? Solid angle: 5.60462e-16*PI.
Interface::contains_point(72.3727 41.655 36.1611) Error. Are you sure the interface "Skull" is closed? Solid angle: 1.04914e-17*PI.
Interface::contains_point(72.3727 41.655 36.1611) Error. Are you sure the interface "Scalp" is closed? Solid angle: 1.65654e-17*PI.
Interface::contains_point(72.3727 41.655 36.1611) Error. Are you sure the interface "Scalp" is closed? Solid angle: 1.65654e-17*PI.
Interface::contains_point(27.5882 90.4253 6.64821) Error. Are you sure the interface "Brain" is closed? Solid angle: 1.05466e-16*PI.
Interface::contains_point(27.5882 90.4253 6.64821) Error. Are you sure the interface "Skull" is closed? Solid angle: 1.31143e-16*PI.
Interface::contains_point(27.5882 90.4253 6.64821) Error. Are you sure the interface "Scalp" is closed? Solid angle: 7.70291e-16*PI.
Interface::contains_point(27.5882 90.4253 6.64821) Error. Are you sure the interface "Scalp" is closed? Solid angle: 7.70291e-16*PI.
Interface::contains_point(127.492 70.5533 24.8643) Error. Are you sure the interface "Brain" is closed? Solid angle: 4.41744e-18*PI.
Interface::contains_point(127.492 70.5533 24.8643) Error. Are you sure the interface "Skull" is closed? Solid angle: 6.55713e-17*PI.
Interface::contains_point(127.492 70.5533 24.8643) Error. Are you sure the interface "Scalp" is closed? Solid angle: 1.74489e-16*PI.
Interface::contains_point(127.492 70.5533 24.8643) Error. Are you sure the interface "Scalp" is closed? Solid angle: 1.74489e-16*PI.
Interface::contains_point(113.551 83.3045 43.459) Error. Are you sure the interface "Brain" is closed? Solid angle: 3.87906e-17*PI.
Interface::contains_point(113.551 83.3045 43.459) Error. Are you sure the interface "Skull" is closed? Solid angle: 1.02705e-16*PI.
Interface::contains_point(113.551 83.3045 43.459) Error. Are you sure the interface "Scalp" is closed? Solid angle: 6.06017e-17*PI.
Interface::contains_point(113.551 83.3045 43.459) Error. Are you sure the interface "Scalp" is closed? Solid angle: 6.06017e-17*PI.
Interface::contains_point(26.2491 74.706 13.0329) Error. Are you sure the interface "Brain" is closed? Solid angle: 8.93979e-16*PI.
Interface::contains_point(26.2491 74.706 13.0329) Error. Are you sure the interface "Brain" is closed? Solid angle: 8.93979e-16*PI.
Interface::contains_point(75.4733 125.96 31.8642) Error. Are you sure the interface "Brain" is closed? Solid angle: 1.35974e-16*PI.
Interface::contains_point(75.4733 125.96 31.8642) Error. Are you sure the interface "Skull" is closed? Solid angle: 1.65654e-17*PI.
Interface::contains_point(75.4733 125.96 31.8642) Error. Are you sure the interface "Scalp" is closed? Solid angle: 3.6996e-17*PI.
Interface::contains_point(75.4733 125.96 31.8642) Error. Are you sure the interface "Scalp" is closed? Solid angle: 3.6996e-17*PI.
Interface::contains_point(82.406 55.5719 51.051) Error. Are you sure the interface "Brain" is closed? Solid angle: 1.40254e-16*PI.
Interface::contains_point(82.406 55.5719 51.051) Error. Are you sure the interface "Skull" is closed? Solid angle: 2.99557e-16*PI.
Interface::contains_point(82.406 55.5719 51.051) Error. Are you sure the interface "Scalp" is closed? Solid angle: 2.31363e-16*PI.
Interface::contains_point(82.406 55.5719 51.051) Error. Are you sure the interface "Scalp" is closed? Solid angle: 2.31363e-16*PI.
Interface::contains_point(116.226 124.141 2.82334) Error. Are you sure the interface "Brain" is closed? Solid angle: 7.59937e-17*PI.
Interface::contains_point(116.226 124.141 2.82334) Error. Are you sure the interface "Skull" is closed? Solid angle: 4.72114e-17*PI.
Interface::contains_point(116.226 124.141 2.82334) Error. Are you sure the interface "Scalp" is closed? Solid angle: 5.57701e-17*PI.
Interface::contains_point(116.226 124.141 2.82334) Error. Are you sure the interface "Scalp" is closed? Solid angle: 5.57701e-17*PI.
Interface::contains_point(48.5962 105.772 41.6728) Error. Are you sure the interface "Brain" is closed? Solid angle: 2.0265e-16*PI.
Interface::contains_point(48.5962 105.772 41.6728) Error. Are you sure the interface "Skull" is closed? Solid angle: 1.27001e-17*PI.
Interface::contains_point(48.5962 105.772 41.6728) Error. Are you sure the interface "Scalp" is closed? Solid angle: 2.97073e-16*PI.
Interface::contains_point(48.5962 105.772 41.6728) Error. Are you sure the interface "Scalp" is closed? Solid angle: 2.97073e-16*PI.
Interface::contains_point(124.786 43.2452 9.42065) Error. Are you sure the interface "Brain" is closed? Solid angle: 7.60627e-17*PI.
Interface::contains_point(124.786 43.2452 9.42065) Error. Are you sure the interface "Skull" is closed? Solid angle: 7.75812e-17*PI.
Interface::contains_point(124.786 43.2452 9.42065) Error. Are you sure the interface "Scalp" is closed? Solid angle: 3.64439e-17*PI.
Interface::contains_point(124.786 43.2452 9.42065) Error. Are you sure the interface "Scalp" is closed? Solid angle: 3.64439e-17*PI.
Interface::contains_point(125.391 104.262 29.2292) Error. Are you sure the interface "Brain" is closed? Solid angle: 2.82992e-17*PI.
Interface::contains_point(125.391 104.262 29.2292) Error. Are you sure the interface "Skull" is closed? Solid angle: 4.70733e-17*PI.
Interface::contains_point(125.391 104.262 29.2292) Error. Are you sure the interface "Scalp" is closed? Solid angle: 1.10436e-18*PI.
Interface::contains_point(125.391 104.262 29.2292) Error. Are you sure the interface "Scalp" is closed? Solid angle: 1.10436e-18*PI.
Interface::contains_point(50.4258 64.1923 49.3586) Error. Are you sure the interface "Brain" is closed? Solid angle: 4.00882e-16*PI.
Interface::contains_point(50.4258 64.1923 49.3586) Error. Are you sure the interface "Skull" is closed? Solid angle: 5.28988e-16*PI.
Interface::contains_point(50.4258 64.1923 49.3586) Error. Are you sure the interface "Scalp" is closed? Solid angle: 2.5069e-16*PI.
Interface::contains_point(50.4258 64.1923 49.3586) Error. Are you sure the interface "Scalp" is closed? Solid angle: 2.5069e-16*PI.
Interface::contains_point(52.7124 131.052 16.3364) Error. Are you sure the interface "Brain" is closed? Solid angle: 4.34841e-17*PI.
Interface::contains_point(52.7124 131.052 16.3364) Error. Are you sure the interface "Skull" is closed? Solid angle: 3.89287e-17*PI.
Interface::contains_point(52.7124 131.052 16.3364) Error. Are you sure the interface "Scalp" is closed? Solid angle: 2.42959e-17*PI.
Interface::contains_point(52.7124 131.052 16.3364) Error. Are you sure the interface "Scalp" is closed? Solid angle: 2.42959e-17*PI.
Interface::contains_point(102.753 37.4325 36.6689) Error. Are you sure the interface "Brain" is closed? Solid angle: 2.16454e-16*PI.
Interface::contains_point(102.753 37.4325 36.6689) Error. Are you sure the interface "Skull" is closed? Solid angle: 2.42683e-16*PI.
Interface::contains_point(102.753 37.4325 36.6689) Error. Are you sure the interface "Scalp" is closed? Solid angle: 4.09441e-16*PI.
Interface::contains_point(102.753 37.4325 36.6689) Error. Are you sure the interface "Scalp" is closed? Solid angle: 4.09441e-16*PI.
Interface::contains_point(86.1327 100.217 57.3067) Error. Are you sure the interface "Brain" is closed? Solid angle: 1.74765e-16*PI.
Interface::contains_point(86.1327 100.217 57.3067) Error. Are you sure the interface "Skull" is closed? Solid angle: 1.14025e-16*PI.
Interface::contains_point(86.1327 100.217 57.3067) Error. Are you sure the interface "Scalp" is closed? Solid angle: 1.89674e-16*PI.
Interface::contains_point(86.1327 100.217 57.3067) Error. Are you sure the interface "Scalp" is closed? Solid angle: 1.89674e-16*PI.
Interface::contains_point(26.1682 96.3297 26.0157) Error. Are you sure the interface "Brain" is closed? Solid angle: 1.37769e-16*PI.
Interface::contains_point(26.1682 96.3297 26.0157) Error. Are you sure the interface "Skull" is closed? Solid angle: 7.28877e-17*PI.
Interface::contains_point(26.1682 96.3297 26.0157) Error. Are you sure the interface "Scalp" is closed? Solid angle: 9.44227e-17*PI.
Interface::contains_point(26.1682 96.3297 26.0157) Error. Are you sure the interface "Scalp" is closed? Solid angle: 9.44227e-17*PI.
Interface::contains_point(119.299 68.0788 47.0074) Error. Are you sure the interface "Brain" is closed? Solid angle: 1.17338e-17*PI.
Interface::contains_point(119.299 68.0788 47.0074) Error. Are you sure the interface "Skull" is closed? Solid angle: 9.85641e-17*PI.
Interface::contains_point(119.299 68.0788 47.0074) Error. Are you sure the interface "Scalp" is closed? Solid angle: 9.93923e-17*PI.
Interface::contains_point(119.299 68.0788 47.0074) Error. Are you sure the interface "Scalp" is closed? Solid angle: 9.93923e-17*PI.
Interface::contains_point(138.963 97.8862 12.4157) Error. Are you sure the interface "Brain" is closed? Solid angle: 1.63583e-17*PI.
Interface::contains_point(138.963 97.8862 12.4157) Error. Are you sure the interface "Skull" is closed? Solid angle: 4.14135e-19*PI.
Interface::contains_point(138.963 97.8862 12.4157) Error. Are you sure the interface "Scalp" is closed? Solid angle: 5.06625e-17*PI.
Interface::contains_point(138.963 97.8862 12.4157) Error. Are you sure the interface "Scalp" is closed? Solid angle: 5.06625e-17*PI.
Interface::contains_point(28.6791 64.432 33.595) Error. Are you sure the interface "Brain" is closed? Solid angle: 8.50357e-17*PI.
Interface::contains_point(28.6791 64.432 33.595) Error. Are you sure the interface "Brain" is closed? Solid angle: 8.50357e-17*PI.
Interface::contains_point(70.6951 110.674 55.0554) Error. Are you sure the interface "Brain" is closed? Solid angle: 2.87133e-17*PI.
Interface::contains_point(70.6951 110.674 55.0554) Error. Are you sure the interface "Skull" is closed? Solid angle: 2.06515e-16*PI.
Interface::contains_point(70.6951 110.674 55.0554) Error. Are you sure the interface "Scalp" is closed? Solid angle: 2.18111e-17*PI.
Interface::contains_point(70.6951 110.674 55.0554) Error. Are you sure the interface "Scalp" is closed? Solid angle: 2.18111e-17*PI.
Interface::contains_point(97.7056 21.6323 19.7916) Error. Are you sure the interface "Brain" is closed? Solid angle: 4.58309e-17*PI.
Interface::contains_point(97.7056 21.6323 19.7916) Error. Are you sure the interface "Skull" is closed? Solid angle: 2.37437e-17*PI.
Interface::contains_point(97.7056 21.6323 19.7916) Error. Are you sure the interface "Scalp" is closed? Solid angle: 6.90225e-17*PI.
Interface::contains_point(97.7056 21.6323 19.7916) Error. Are you sure the interface "Scalp" is closed? Solid angle: 6.90225e-17*PI.
Interface::contains_point(103.326 123.639 41.4313) Error. Are you sure the interface "Brain" is closed? Solid angle: 2.07067e-17*PI.
Interface::contains_point(103.326 123.639 41.4313) Error. Are you sure the interface "Skull" is closed? Solid angle: 9.74597e-17*PI.
Interface::contains_point(103.326 123.639 41.4313) Error. Are you sure the interface "Scalp" is closed? Solid angle: 8.43454e-17*PI.
Interface::contains_point(103.326 123.639 41.4313) Error. Are you sure the interface "Scalp" is closed? Solid angle: 8.43454e-17*PI.
Interface::contains_point(73.2389 67.3509 63.3408) Error. Are you sure the interface "Brain" is closed? Solid angle: 3.58917e-17*PI.
Interface::contains_point(73.2389 67.3509 63.3408) Error. Are you sure the interface "Skull" is closed? Solid angle: 1.62617e-16*PI.
Interface::contains_point(73.2389 67.3509 63.3408) Error. Are you sure the interface "Scalp" is closed? Solid angle: 2.78299e-16*PI.
Interface::contains_point(73.2389 67.3509 63.3408) Error. Are you sure the interface "Scalp" is closed? Solid angle: 2.78299e-16*PI.
Interface::contains_point(22.3871 110.795 1.61349) Error. Are you sure the interface "Brain" is closed? Solid angle: 1.46328e-17*PI.
Interface::contains_point(22.3871 110.795 1.61349) Error. Are you sure the interface "Skull" is closed? Solid angle: 1.38045e-17*PI.
Interface::contains_point(22.3871 110.795 1.61349) Error. Are you sure the interface "Scalp" is closed? Solid angle: 2.35781e-16*PI.
Interface::contains_point(22.3871 110.795 1.61349) Error. Are you sure the interface "Scalp" is closed? Solid angle: 2.35781e-16*PI.
Interface::contains_point(134.137 51.063 23.5379) Error. Are you sure the interface "Brain" is closed? Solid angle: 2.34676e-18*PI.
Interface::contains_point(134.137 51.063 23.5379) Error. Are you sure the interface "Skull" is closed? Solid angle: 6.47431e-17*PI.
Interface::contains_point(134.137 51.063 23.5379) Error. Are you sure the interface "Scalp" is closed? Solid angle: 3.61678e-17*PI.
Interface::contains_point(134.137 51.063 23.5379) Error. Are you sure the interface "Scalp" is closed? Solid angle: 3.61678e-17*PI.
Interface::contains_point(116.938 110.314 45.7238) Error. Are you sure the interface "Brain" is closed? Solid angle: 4.73494e-17*PI.
Interface::contains_point(116.938 110.314 45.7238) Error. Are you sure the interface "Skull" is closed? Solid angle: 3.35449e-17*PI.
Interface::contains_point(116.938 110.314 45.7238) Error. Are you sure the interface "Scalp" is closed? Solid angle: 6.23963e-17*PI.
Interface::contains_point(116.938 110.314 45.7238) Error. Are you sure the interface "Scalp" is closed? Solid angle: 6.23963e-17*PI.
Interface::contains_point(42.5151 125.676 31.3887) Error. Are you sure the interface "Brain" is closed? Solid angle: 3.46493e-17*PI.
Interface::contains_point(42.5151 125.676 31.3887) Error. Are you sure the interface "Skull" is closed? Solid angle: 1.38321e-16*PI.
Interface::contains_point(42.5151 125.676 31.3887) Error. Are you sure the interface "Scalp" is closed? Solid angle: 3.45112e-17*PI.
Interface::contains_point(42.5151 125.676 31.3887) Error. Are you sure the interface "Scalp" is closed? Solid angle: 3.45112e-17*PI.
Interface::contains_point(105.471 48.964 53.9955) Error. Are you sure the interface "Brain" is closed? Solid angle: 4.14135e-19*PI.
Interface::contains_point(105.471 48.964 53.9955) Error. Are you sure the interface "Skull" is closed? Solid angle: 9.11096e-18*PI.
Interface::contains_point(105.471 48.964 53.9955) Error. Are you sure the interface "Scalp" is closed? Solid angle: 1.33075e-16*PI.
Interface::contains_point(105.471 48.964 53.9955) Error. Are you sure the interface "Scalp" is closed? Solid angle: 1.33075e-16*PI.
Interface::contains_point(86.4266 145.251 16.7065) Error. Are you sure the interface "Brain" is closed? Solid angle: 7.92378e-17*PI.
Interface::contains_point(86.4266 145.251 16.7065) Error. Are you sure the interface "Skull" is closed? Solid angle: 3.97569e-17*PI.
Interface::contains_point(86.4266 145.251 16.7065) Error. Are you sure the interface "Scalp" is closed? Solid angle: 2.63666e-17*PI.
Interface::contains_point(86.4266 145.251 16.7065) Error. Are you sure the interface "Scalp" is closed? Solid angle: 2.63666e-17*PI.
Interface::contains_point(74.569 24.8586 39.4755) Error. Are you sure the interface "Brain" is closed? Solid angle: 1.47984e-16*PI.
Interface::contains_point(74.569 24.8586 39.4755) Error. Are you sure the interface "Skull" is closed? Solid angle: 4.34013e-16*PI.
Interface::contains_point(74.569 24.8586 39.4755) Error. Are you sure the interface "Skull" is closed? Solid angle: 4.34013e-16*PI.
Interface::contains_point(52.3189 82.7264 62.488) Error. Are you sure the interface "Brain" is closed? Solid angle: 2.3302e-16*PI.
Interface::contains_point(52.3189 82.7264 62.488) Error. Are you sure the interface "Skull" is closed? Solid angle: 6.65376e-17*PI.
Interface::contains_point(52.3189 82.7264 62.488) Error. Are you sure the interface "Scalp" is closed? Solid angle: 3.89287e-17*PI.
Interface::contains_point(52.3189 82.7264 62.488) Error. Are you sure the interface "Scalp" is closed? Solid angle: 3.89287e-17*PI.
Interface::contains_point(148.3 73.273 4.24456) Error. Are you sure the interface "Brain" is closed? Solid angle: 2.7609e-19*PI.
Interface::contains_point(148.3 73.273 4.24456) Error. Are you sure the interface "Skull" is closed? Solid angle: 9.42847e-17*PI.
Interface::contains_point(148.3 73.273 4.24456) Error. Are you sure the interface "Scalp" is closed? Solid angle: 1.96024e-17*PI.
Interface::contains_point(148.3 73.273 4.24456) Error. Are you sure the interface "Scalp" is closed? Solid angle: 1.96024e-17*PI.
Interface::contains_point(143.422 83.1157 27.3071) Error. Are you sure the interface "Brain" is closed? Solid angle: 4.96962e-18*PI.
Interface::contains_point(143.422 83.1157 27.3071) Error. Are you sure the interface "Skull" is closed? Solid angle: 9.66314e-19*PI.
Interface::contains_point(143.422 83.1157 27.3071) Error. Are you sure the interface "Scalp" is closed? Solid angle: 6.7642e-17*PI.
Interface::contains_point(143.422 83.1157 27.3071) Error. Are you sure the interface "Scalp" is closed? Solid angle: 6.7642e-17*PI.
Interface::contains_point(32.4551 77.6643 50.6062) Error. Are you sure the interface "Brain" is closed? Solid angle: 8.22748e-17*PI.
Interface::contains_point(32.4551 77.6643 50.6062) Error. Are you sure the interface "Skull" is closed? Solid angle: 4.23798e-16*PI.
Interface::contains_point(32.4551 77.6643 50.6062) Error. Are you sure the interface "Scalp" is closed? Solid angle: 1.59304e-16*PI.
Interface::contains_point(32.4551 77.6643 50.6062) Error. Are you sure the interface "Scalp" is closed? Solid angle: 1.59304e-16*PI.
Interface::contains_point(76.6253 148.694 12.0691) Error. Are you sure the interface "Brain" is closed? Solid angle: 5.32853e-17*PI.
Interface::contains_point(76.6253 148.694 12.0691) Error. Are you sure the interface "Skull" is closed? Solid angle: 1.47708e-17*PI.
Interface::contains_point(76.6253 148.694 12.0691) Error. Are you sure the interface "Scalp" is closed? Solid angle: 1.39425e-17*PI.
Interface::contains_point(76.6253 148.694 12.0691) Error. Are you sure the interface "Scalp" is closed? Solid angle: 1.39425e-17*PI.
Interface::contains_point(82.9697 19.5505 35.5214) Error. Are you sure the interface "Brain" is closed? Solid angle: 1.19547e-16*PI.
Interface::contains_point(82.9697 19.5505 35.5214) Error. Are you sure the interface "Skull" is closed? Solid angle: 4.73494e-16*PI.
Interface::contains_point(82.9697 19.5505 35.5214) Error. Are you sure the interface "Scalp" is closed? Solid angle: 3.83765e-16*PI.
Interface::contains_point(82.9697 19.5505 35.5214) Error. Are you sure the interface "Scalp" is closed? Solid angle: 3.83765e-16*PI.
Interface::contains_point(105.733 108.392 59.203) Error. Are you sure the interface "Brain" is closed? Solid angle: 6.61235e-17*PI.
Interface::contains_point(105.733 108.392 59.203) Error. Are you sure the interface "Skull" is closed? Solid angle: 4.88679e-17*PI.
Interface::contains_point(105.733 108.392 59.203) Error. Are you sure the interface "Scalp" is closed? Solid angle: 6.36387e-17*PI.
Interface::contains_point(105.733 108.392 59.203) Error. Are you sure the interface "Scalp" is closed? Solid angle: 6.36387e-17*PI.
Interface::contains_point(38.4943 117.619 43.9513) Error. Are you sure the interface "Brain" is closed? Solid angle: 1.61513e-16*PI.
Interface::contains_point(38.4943 117.619 43.9513) Error. Are you sure the interface "Skull" is closed? Solid angle: 3.09221e-17*PI.
Interface::contains_point(38.4943 117.619 43.9513) Error. Are you sure the interface "Scalp" is closed? Solid angle: 1.25069e-16*PI.
Interface::contains_point(38.4943 117.619 43.9513) Error. Are you sure the interface "Scalp" is closed? Solid angle: 1.25069e-16*PI.
Interface::contains_point(96.4509 65.0898 68.0035) Error. Are you sure the interface "Brain" is closed? Solid angle: 9.75977e-17*PI.
Interface::contains_point(96.4509 65.0898 68.0035) Error. Are you sure the interface "Skull" is closed? Solid angle: 4.41744e-17*PI.
Interface::contains_point(96.4509 65.0898 68.0035) Error. Are you sure the interface "Scalp" is closed? Solid angle: 4.52787e-17*PI.
Interface::contains_point(96.4509 65.0898 68.0035) Error. Are you sure the interface "Scalp" is closed? Solid angle: 4.52787e-17*PI.
Interface::contains_point(144.65 110.577 7.09808) Error. Are you sure the interface "Brain" is closed? Solid angle: 7.87546e-17*PI.
Interface::contains_point(144.65 110.577 7.09808) Error. Are you sure the interface "Skull" is closed? Solid angle: 1.79458e-18*PI.
Interface::contains_point(144.65 110.577 7.09808) Error. Are you sure the interface "Scalp" is closed? Solid angle: 5.17668e-17*PI.
Interface::contains_point(144.65 110.577 7.09808) Error. Are you sure the interface "Scalp" is closed? Solid angle: 5.17668e-17*PI.
Interface::contains_point(60.0461 122.189 55.5114) Error. Are you sure the interface "Brain" is closed? Solid angle: 1.15267e-16*PI.
Interface::contains_point(60.0461 122.189 55.5114) Error. Are you sure the interface "Skull" is closed? Solid angle: 1.29762e-17*PI.
Interface::contains_point(60.0461 122.189 55.5114) Error. Are you sure the interface "Scalp" is closed? Solid angle: 3.9895e-17*PI.
Interface::contains_point(60.0461 122.189 55.5114) Error. Are you sure the interface "Scalp" is closed? Solid angle: 3.9895e-17*PI.
Interface::contains_point(110.452 15.6147 15.2887) Error. Are you sure the interface "Brain" is closed? Solid angle: 2.65046e-17*PI.
Interface::contains_point(110.452 15.6147 15.2887) Error. Are you sure the interface "Skull" is closed? Solid angle: 1.73937e-17*PI.
Interface::contains_point(110.452 15.6147 15.2887) Error. Are you sure the interface "Scalp" is closed? Solid angle: 1.07123e-16*PI.
Interface::contains_point(110.452 15.6147 15.2887) Error. Are you sure the interface "Scalp" is closed? Solid angle: 1.07123e-16*PI.
Interface::contains_point(100.695 137.839 39.7446) Error. Are you sure the interface "Brain" is closed? Solid angle: 1.19685e-16*PI.
Interface::contains_point(100.695 137.839 39.7446) Error. Are you sure the interface "Skull" is closed? Solid angle: 8.94531e-17*PI.
Interface::contains_point(100.695 137.839 39.7446) Error. Are you sure the interface "Scalp" is closed? Solid angle: 2.95416e-17*PI.
Interface::contains_point(100.695 137.839 39.7446) Error. Are you sure the interface "Scalp" is closed? Solid angle: 2.95416e-17*PI.
Interface::contains_point(68.0844 46.6982 64.4116) Error. Are you sure the interface "Brain" is closed? Solid angle: 1.7863e-16*PI.
Interface::contains_point(68.0844 46.6982 64.4116) Error. Are you sure the interface "Skull" is closed? Solid angle: 1.99061e-16*PI.
Interface::contains_point(68.0844 46.6982 64.4116) Error. Are you sure the interface "Scalp" is closed? Solid angle: 1.74489e-16*PI.
Interface::contains_point(68.0844 46.6982 64.4116) Error. Are you sure the interface "Scalp" is closed? Solid angle: 1.74489e-16*PI.
Interface::contains_point(14.1925 103.546 23.6884) Error. Are you sure the interface "Brain" is closed? Solid angle: 7.0679e-17*PI.
Interface::contains_point(14.1925 103.546 23.6884) Error. Are you sure the interface "Skull" is closed? Solid angle: 1.91882e-16*PI.
Interface::contains_point(14.1925 103.546 23.6884) Error. Are you sure the interface "Scalp" is closed? Solid angle: 9.93923e-18*PI.
Interface::contains_point(14.1925 103.546 23.6884) Error. Are you sure the interface "Scalp" is closed? Solid angle: 9.93923e-18*PI.
Interface::contains_point(132.767 61.1195 48.492) Error. Are you sure the interface "Brain" is closed? Solid angle: 4.96962e-17*PI.
Interface::contains_point(132.767 61.1195 48.492) Error. Are you sure the interface "Skull" is closed? Solid angle: 4.23798e-17*PI.
Interface::contains_point(132.767 61.1195 48.492) Error. Are you sure the interface "Scalp" is closed? Solid angle: 1.27001e-16*PI.
Interface::contains_point(132.767 61.1195 48.492) Error. Are you sure the interface "Scalp" is closed? Solid angle: 1.27001e-16*PI.
Interface::contains_point(91.3084 82.8326 73.5011) Error. Are you sure the interface "Brain" is closed? Solid angle: 5.30092e-17*PI.
Interface::contains_point(91.3084 82.8326 73.5011) Error. Are you sure the interface "Skull" is closed? Solid angle: 2.37437e-17*PI.
Interface::contains_point(91.3084 82.8326 73.5011) Error. Are you sure the interface "Scalp" is closed? Solid angle: 5.2181e-17*PI.
Interface::contains_point(91.3084 82.8326 73.5011) Error. Are you sure the interface "Scalp" is closed? Solid angle: 5.2181e-17*PI.
Interface::contains_point(62.8383 148.513 25.3191) Error. Are you sure the interface "Brain" is closed? Solid angle: 7.12312e-17*PI.
Interface::contains_point(62.8383 148.513 25.3191) Error. Are you sure the interface "Skull" is closed? Solid angle: 1.06295e-16*PI.
Interface::contains_point(62.8383 148.513 25.3191) Error. Are you sure the interface "Scalp" is closed? Solid angle: 1.27692e-16*PI.
Interface::contains_point(62.8383 148.513 25.3191) Error. Are you sure the interface "Scalp" is closed? Solid angle: 1.27692e-16*PI.
Interface::contains_point(93.5756 25.8033 50.532) Error. Are you sure the interface "Brain" is closed? Solid angle: 4.37878e-16*PI.
Interface::contains_point(93.5756 25.8033 50.532) Error. Are you sure the interface "Skull" is closed? Solid angle: 3.78795e-16*PI.
Interface::contains_point(93.5756 25.8033 50.532) Error. Are you sure the interface "Scalp" is closed? Solid angle: 1.94919e-16*PI.
Interface::contains_point(93.5756 25.8033 50.532) Error. Are you sure the interface "Scalp" is closed? Solid angle: 1.94919e-16*PI.
Interface::contains_point(118.624 144.44 8.71486) Error. Are you sure the interface "Brain" is closed? Solid angle: 7.54415e-17*PI.
Interface::contains_point(118.624 144.44 8.71486) Error. Are you sure the interface "Skull" is closed? Solid angle: 4.26559e-17*PI.
Interface::contains_point(118.624 144.44 8.71486) Error. Are you sure the interface "Scalp" is closed? Solid angle: 4.54168e-17*PI.
Interface::contains_point(118.624 144.44 8.71486) Error. Are you sure the interface "Scalp" is closed? Solid angle: 4.54168e-17*PI.
Interface::contains_point(39.2412 104.43 59.5995) Error. Are you sure the interface "Brain" is closed? Solid angle: 2.08448e-17*PI.
Interface::contains_point(39.2412 104.43 59.5995) Error. Are you sure the interface "Skull" is closed? Solid angle: 4.00882e-16*PI.
Interface::contains_point(39.2412 104.43 59.5995) Error. Are you sure the interface "Scalp" is closed? Solid angle: 7.48203e-17*PI.
Interface::contains_point(39.2412 104.43 59.5995) Error. Are you sure the interface "Scalp" is closed? Solid angle: 7.48203e-17*PI.
Interface::contains_point(143.928 41.6831 17.3187) Error. Are you sure the interface "Brain" is closed? Solid angle: 7.27497e-17*PI.
Interface::contains_point(143.928 41.6831 17.3187) Error. Are you sure the interface "Skull" is closed? Solid angle: 1.8498e-17*PI.
Interface::contains_point(143.928 41.6831 17.3187) Error. Are you sure the interface "Scalp" is closed? Solid angle: 9.5251e-18*PI.
Interface::contains_point(143.928 41.6831 17.3187) Error. Are you sure the interface "Scalp" is closed? Solid angle: 9.5251e-18*PI.
Interface::contains_point(131.125 117.917 42.987) Error. Are you sure the interface "Brain" is closed? Solid angle: 1.1368e-16*PI.
Interface::contains_point(131.125 117.917 42.987) Error. Are you sure the interface "Skull" is closed? Solid angle: 1.10436e-18*PI.
Interface::contains_point(131.125 117.917 42.987) Error. Are you sure the interface "Scalp" is closed? Solid angle: 6.04637e-17*PI.
Interface::contains_point(131.125 117.917 42.987) Error. Are you sure the interface "Scalp" is closed? Solid angle: 6.04637e-17*PI.
Interface::contains_point(52.1312 59.3311 68.8469) Error. Are you sure the interface "Brain" is closed? Solid angle: 5.16288e-17*PI.
Interface::contains_point(52.1312 59.3311 68.8469) Error. Are you sure the interface "Skull" is closed? Solid angle: 3.56156e-17*PI.
Interface::contains_point(52.1312 59.3311 68.8469) Error. Are you sure the interface "Scalp" is closed? Solid angle: 4.88403e-16*PI.
Interface::contains_point(52.1312 59.3311 68.8469) Error. Are you sure the interface "Scalp" is closed? Solid angle: 4.88403e-16*PI.
Interface::contains_point(33.9427 142.101 3.18444) Error. Are you sure the interface "Brain" is closed? Solid angle: 5.20429e-17*PI.
Interface::contains_point(33.9427 142.101 3.18444) Error. Are you sure the interface "Skull" is closed? Solid angle: 2.55383e-17*PI.
Interface::contains_point(33.9427 142.101 3.18444) Error. Are you sure the interface "Scalp" is closed? Solid angle: 1.5323e-16*PI.
Interface::contains_point(33.9427 142.101 3.18444) Error. Are you sure the interface "Scalp" is closed? Solid angle: 1.5323e-16*PI.
Interface::contains_point(122.899 22.1575 29.0848) Error. Are you sure the interface "Brain" is closed? Solid angle: 1.43567e-17*PI.
Interface::contains_point(122.899 22.1575 29.0848) Error. Are you sure the interface "Skull" is closed? Solid angle: 1.43567e-16*PI.
Interface::contains_point(122.899 22.1575 29.0848) Error. Are you sure the interface "Scalp" is closed? Solid angle: 1.52402e-16*PI.
Interface::contains_point(122.899 22.1575 29.0848) Error. Are you sure the interface "Scalp" is closed? Solid angle: 1.52402e-16*PI.
Interface::contains_point(88.0793 134.466 55.1729) Error. Are you sure the interface "Brain" is closed? Solid angle: 2.36057e-17*PI.
Interface::contains_point(88.0793 134.466 55.1729) Error. Are you sure the interface "Skull" is closed? Solid angle: 9.5389e-17*PI.
Interface::contains_point(88.0793 134.466 55.1729) Error. Are you sure the interface "Scalp" is closed? Solid angle: 7.3716e-17*PI.
Interface::contains_point(88.0793 134.466 55.1729) Error. Are you sure the interface "Scalp" is closed? Solid angle: 7.3716e-17*PI.
Interface::contains_point(12.1145 90.0699 38.1221) Error. Are you sure the interface "Brain" is closed? Solid angle: 2.65322e-16*PI.
Interface::contains_point(12.1145 90.0699 38.1221) Error. Are you sure the interface "Skull" is closed? Solid angle: 5.08005e-17*PI.
Interface::contains_point(12.1145 90.0699 38.1221) Error. Are you sure the interface "Scalp" is closed? Solid angle: 1.69243e-16*PI.
Interface::contains_point(12.1145 90.0699 38.1221) Error. Are you sure the interface "Scalp" is closed? Solid angle: 1.69243e-16*PI.
Interface::contains_point(124.723 73.366 64.5166) Error. Are you sure the interface "Brain" is closed? Solid angle: 2.95416e-17*PI.
Interface::contains_point(124.723 73.366 64.5166) Error. Are you sure the interface "Skull" is closed? Solid angle: 9.19379e-17*PI.
Interface::contains_point(124.723 73.366 64.5166) Error. Are you sure the interface "Scalp" is closed? Solid angle: 4.55548e-17*PI.
Interface::contains_point(124.723 73.366 64.5166) Error. Are you sure the interface "Scalp" is closed? Solid angle: 4.55548e-17*PI.
Interface::contains_point(155.439 91.1903 20.8212) Error. Are you sure the interface "Brain" is closed? Solid angle: 3.64439e-17*PI.
Interface::contains_point(155.439 91.1903 20.8212) Error. Are you sure the interface "Skull" is closed? Solid angle: 5.71506e-17*PI.
Interface::contains_point(155.439 91.1903 20.8212) Error. Are you sure the interface "Scalp" is closed? Solid angle: 3.27166e-17*PI.
Interface::contains_point(155.439 91.1903 20.8212) Error. Are you sure the interface "Scalp" is closed? Solid angle: 3.27166e-17*PI.
Interface::contains_point(17.0318 70.6595 47.3355) Error. Are you sure the interface "Brain" is closed? Solid angle: 5.30092e-17*PI.
Interface::contains_point(17.0318 70.6595 47.3355) Error. Are you sure the interface "Skull" is closed? Solid angle: 7.84095e-17*PI.
Interface::contains_point(17.0318 70.6595 47.3355) Error. Are you sure the interface "Skull" is closed? Solid angle: 7.84095e-17*PI.
Interface::contains_point(75.7083 108.932 74.0294) Error. Are you sure the interface "Brain" is closed? Solid angle: 1.57647e-16*PI.
Interface::contains_point(75.7083 108.932 74.0294) Error. Are you sure the interface "Skull" is closed? Solid angle: 1.1651e-16*PI.
Interface::contains_point(75.7083 108.932 74.0294) Error. Are you sure the interface "Scalp" is closed? Solid angle: 1.33351e-16*PI.
Interface::contains_point(75.7083 108.932 74.0294) Error. Are you sure the interface "Scalp" is closed? Solid angle: 1.33351e-16*PI.
Interface::contains_point(91.683 1.23985 6.2447) Error. Are you sure the interface "Brain" is closed? Solid angle: 2.00717e-16*PI.
Interface::contains_point(91.683 1.23985 6.2447) Error. Are you sure the interface "Skull" is closed? Solid angle: 1.6455e-16*PI.
Interface::contains_point(91.683 1.23985 6.2447) Error. Are you sure the interface "Scalp" is closed? Solid angle: 5.05797e-16*PI.
Interface::contains_point(91.683 1.23985 6.2447) Error. Are you sure the interface "Scalp" is closed? Solid angle: 5.05797e-16*PI.
-------------------------------------------
| Elapsed Time: 0.014578 s.
-------------------------------------------
om_assemble version 2.5.15 compiled at May  6 2025 17:11:06 using OpenMP
 Executing using 12 threads.


| ------ om_assemble
| -H2EM
| bem_model/sphere_head.geom
| bem_model/sphere_head.cond
| bem_model/sensor_locations.txt
| tmp/tmp.h2em
| -----------------------
Local orientation problem...

Reorienting...

Local orientation problem...

Reorienting...

Local orientation problem...

Reorienting...

Global reorientation of interface Brain
Global reorientation of interface Skull
Global reorientation of interface Scalp
check_geometry_is_nested() complete, nested=1, m_oriented=4294967294
check_geometry_is_nested() complete, nested=1, m_oriented=4294967294
check_geometry_is_nested() complete, nested=1, m_oriented=4294967294
-------------------------------------------
| Elapsed Time: 0.002998 s.
-------------------------------------------
om_gain version 2.5.15 compiled at May  6 2025 17:11:04 using OpenMP
 Executing using 12 threads.


| ------ om_gain
| -EEG
| tmp/tmp.hm_inv
| tmp/tmp.dsm
| tmp/tmp.h2em
| leadfields/eeg_leadfield.mat
| -----------------------
Using variable with name: matrix
-------------------------------------------
| Elapsed Time: 0.013397 s.
-------------------------------------------
om_assemble version 2.5.15 compiled at May  6 2025 17:11:06 using OpenMP
 Executing using 12 threads.


| ------ om_assemble
| -H2ECOGM
| bem_model/sphere_head.geom
| bem_model/sphere_head.cond
| bem_model/ecog_sensor_locations.txt
| Brain
| tmp/tmp.h2ecogm
| -----------------------
Local orientation problem...

Reorienting...

Local orientation problem...

Reorienting...

Local orientation problem...

Reorienting...

Global reorientation of interface Brain
Global reorientation of interface Skull
Global reorientation of interface Scalp
check_geometry_is_nested() complete, nested=1, m_oriented=4294967294
check_geometry_is_nested() complete, nested=1, m_oriented=4294967294
check_geometry_is_nested() complete, nested=1, m_oriented=4294967294
-------------------------------------------
| Elapsed Time: 0.002992 s.
-------------------------------------------
om_gain version 2.5.15 compiled at May  6 2025 17:11:04 using OpenMP
 Executing using 12 threads.


| ------ om_gain
| -EEG
| tmp/tmp.hm_inv
| tmp/tmp.dsm
| tmp/tmp.h2ecogm
| leadfields/ecog_leadfield.mat
| -----------------------
Using variable with name: matrix
-------------------------------------------
| Elapsed Time: 0.014216 s.
-------------------------------------------
om_assemble version 2.5.15 compiled at May  6 2025 17:11:06 using OpenMP
 Executing using 12 threads.


| ------ om_assemble
| -H2MM
| bem_model/sphere_head.geom
| bem_model/sphere_head.cond
| bem_model/meg_sensor_locations.txt
| tmp/tmp.h2mm
| -----------------------
Local orientation problem...

Reorienting...

Local orientation problem...

Reorienting...

Local orientation problem...

Reorienting...

Global reorientation of interface Brain
Global reorientation of interface Skull
Global reorientation of interface Scalp
check_geometry_is_nested() complete, nested=1, m_oriented=4294967294
check_geometry_is_nested() complete, nested=1, m_oriented=4294967294
check_geometry_is_nested() complete, nested=1, m_oriented=4294967294
-------------------------------------------
| Elapsed Time: 0.02031 s.
-------------------------------------------
om_assemble version 2.5.15 compiled at May  6 2025 17:11:06 using OpenMP
 Executing using 12 threads.


| ------ om_assemble
| -DS2MM
| bem_model/dipole_locations.txt
| bem_model/meg_sensor_locations.txt
| tmp/tmp.ds2mm
| -----------------------
-------------------------------------------
| Elapsed Time: 0.002598 s.
-------------------------------------------
om_gain version 2.5.15 compiled at May  6 2025 17:11:04 using OpenMP
 Executing using 12 threads.


| ------ om_gain
| -MEG
| tmp/tmp.hm_inv
| tmp/tmp.dsm
| tmp/tmp.h2mm
| tmp/tmp.ds2mm
| leadfields/meg_leadfield.mat
| -----------------------
-------------------------------------------
| Elapsed Time: 0.017864 s.
-------------------------------------------
om_assemble version 2.5.15 compiled at May  6 2025 17:11:06 using OpenMP
 Executing using 12 threads.


| ------ om_assemble
| -EITSM
| bem_model/sphere_head.geom
| bem_model/sphere_head.cond
| bem_model/sensor_locations.txt
| tmp/tmp.eitsm
| -----------------------
Local orientation problem...

Reorienting...

Local orientation problem...

Reorienting...

Local orientation problem...

Reorienting...

Global reorientation of interface Brain
Global reorientation of interface Skull
Global reorientation of interface Scalp
check_geometry_is_nested() complete, nested=1, m_oriented=4294967294
check_geometry_is_nested() complete, nested=1, m_oriented=4294967294
check_geometry_is_nested() complete, nested=1, m_oriented=4294967294
100 points have been mapped to mesh Scalp
Nb of sensors : 100
Positions
183.999 92 0.46 
24.1697 154.138 1.38 
100.041 0.380909 2.3 
147.942 164.967 3.22 
1.49813 75.9915 4.14 
...
Radii
0 
0 
0 
0 
0 
...
OPERATOR D ... (arg : mesh Scalp , mesh Skull )
OPERATOR S ... (arg : mesh Scalp , mesh Skull )
OPERATOR D ... (arg : mesh Scalp , mesh Scalp )

OPERATOR Id... (arg : mesh Scalp )
-------------------------------------------
| Elapsed Time: 0.026865 s.
-------------------------------------------
om_gain version 2.5.15 compiled at May  6 2025 17:11:04 using OpenMP
 Executing using 12 threads.


| ------ om_gain
| -EEG
| tmp/tmp.hm_inv
| tmp/tmp.eitsm
| tmp/tmp.h2em
| leadfields/eit_leadfield.mat
| -----------------------
Using variable with name: matrix
-------------------------------------------
| Elapsed Time: 0.013746 s.
-------------------------------------------
